<?xml version="1.0" encoding="UTF-8"?>
<testng-results ignored="0" total="3" passed="2" failed="1" skipped="0">
  <reporter-output>
  </reporter-output>
  <suite started-at="2024-06-18T11:21:55 IST" name="Suite" finished-at="2024-06-18T11:23:25 IST" duration-ms="89922">
    <groups>
    </groups>
    <test started-at="2024-06-18T11:21:55 IST" name="Test" finished-at="2024-06-18T11:23:25 IST" duration-ms="89922">
      <class name="Test.Appium.LongPress">
        <test-method is-config="true" signature="config()[pri:0, instance:Test.Appium.LongPress@4ed5eb72]" started-at="2024-06-18T11:21:55 IST" name="config" finished-at="2024-06-18T11:22:03 IST" duration-ms="7947" status="PASS">
          <reporter-output>
          </reporter-output>
        </test-method> <!-- config -->
        <test-method signature="longpress()[pri:0, instance:Test.Appium.LongPress@4ed5eb72]" started-at="2024-06-18T11:22:03 IST" name="longpress" finished-at="2024-06-18T11:22:12 IST" duration-ms="9294" status="PASS">
          <reporter-output>
          </reporter-output>
        </test-method> <!-- longpress -->
        <test-method is-config="true" signature="teardown()[pri:0, instance:Test.Appium.LongPress@4ed5eb72]" started-at="2024-06-18T11:22:13 IST" name="teardown" finished-at="2024-06-18T11:22:18 IST" duration-ms="5243" status="PASS">
          <reporter-output>
          </reporter-output>
        </test-method> <!-- teardown -->
      </class> <!-- Test.Appium.LongPress -->
      <class name="TestNGFramework.Main">
        <test-method is-config="true" signature="config()[pri:0, instance:TestNGFramework.Main@177bea38]" started-at="2024-06-18T11:22:18 IST" name="config" finished-at="2024-06-18T11:22:22 IST" duration-ms="4218" status="PASS">
          <reporter-output>
          </reporter-output>
        </test-method> <!-- config -->
        <test-method signature="AddCart()[pri:0, instance:TestNGFramework.Main@177bea38]" started-at="2024-06-18T11:22:22 IST" name="AddCart" finished-at="2024-06-18T11:22:53 IST" duration-ms="30536" status="PASS">
          <reporter-output>
          </reporter-output>
        </test-method> <!-- AddCart -->
        <test-method is-config="true" signature="teardown()[pri:0, instance:TestNGFramework.Main@177bea38]" started-at="2024-06-18T11:22:54 IST" name="teardown" finished-at="2024-06-18T11:22:59 IST" duration-ms="5326" status="PASS">
          <reporter-output>
          </reporter-output>
        </test-method> <!-- teardown -->
        <test-method is-config="true" signature="config()[pri:0, instance:TestNGFramework.Main@177bea38]" started-at="2024-06-18T11:22:59 IST" name="config" finished-at="2024-06-18T11:23:04 IST" duration-ms="5334" status="PASS">
          <reporter-output>
          </reporter-output>
        </test-method> <!-- config -->
        <test-method signature="ErrorValidation()[pri:0, instance:TestNGFramework.Main@177bea38]" started-at="2024-06-18T11:23:04 IST" name="ErrorValidation" finished-at="2024-06-18T11:23:19 IST" duration-ms="14770" status="FAIL">
          <exception class="java.lang.AssertionError">
            <message>
              <![CDATA[expected:<Please enter your name> but was:<Please enter your ame>]]>
            </message>
            <full-stacktrace>
              <![CDATA[java.lang.AssertionError: expected:<Please enter your name> but was:<Please enter your ame>
at org.testng.AssertJUnit.assertEquals(AssertJUnit.java:115)
at org.testng.AssertJUnit.assertEquals(AssertJUnit.java:125)
at TestNGFramework.Main.ErrorValidation(Main.java:33)
at java.base/jdk.internal.reflect.NativeMethodAccessorImpl.invoke0(Native Method)
at java.base/jdk.internal.reflect.NativeMethodAccessorImpl.invoke(NativeMethodAccessorImpl.java:77)
at java.base/jdk.internal.reflect.DelegatingMethodAccessorImpl.invoke(DelegatingMethodAccessorImpl.java:43)
at java.base/java.lang.reflect.Method.invoke(Method.java:568)
at org.testng.internal.MethodInvocationHelper.invokeMethod(MethodInvocationHelper.java:133)
at org.testng.internal.TestInvoker.invokeMethod(TestInvoker.java:598)
at org.testng.internal.TestInvoker.invokeTestMethod(TestInvoker.java:173)
at org.testng.internal.MethodRunner.runInSequence(MethodRunner.java:46)
at org.testng.internal.TestInvoker$MethodInvocationAgent.invoke(TestInvoker.java:824)
at org.testng.internal.TestInvoker.invokeTestMethods(TestInvoker.java:146)
at org.testng.internal.TestMethodWorker.invokeTestMethods(TestMethodWorker.java:146)
at org.testng.internal.TestMethodWorker.run(TestMethodWorker.java:128)
at java.base/java.util.ArrayList.forEach(ArrayList.java:1511)
at org.testng.TestRunner.privateRun(TestRunner.java:794)
at org.testng.TestRunner.run(TestRunner.java:596)
at org.testng.SuiteRunner.runTest(SuiteRunner.java:377)
at org.testng.SuiteRunner.runSequentially(SuiteRunner.java:371)
at org.testng.SuiteRunner.privateRun(SuiteRunner.java:332)
at org.testng.SuiteRunner.run(SuiteRunner.java:276)
at org.testng.SuiteRunnerWorker.runSuite(SuiteRunnerWorker.java:53)
at org.testng.SuiteRunnerWorker.run(SuiteRunnerWorker.java:96)
at org.testng.TestNG.runSuitesSequentially(TestNG.java:1212)
at org.testng.TestNG.runSuitesLocally(TestNG.java:1134)
at org.testng.TestNG.runSuites(TestNG.java:1063)
at org.testng.TestNG.run(TestNG.java:1031)
at org.testng.remote.AbstractRemoteTestNG.run(AbstractRemoteTestNG.java:115)
at org.testng.remote.RemoteTestNG.initAndRun(RemoteTestNG.java:293)
at org.testng.remote.RemoteTestNG.main(RemoteTestNG.java:91)
]]>
            </full-stacktrace>
          </exception> <!-- java.lang.AssertionError -->
          <reporter-output>
          </reporter-output>
        </test-method> <!-- ErrorValidation -->
        <test-method is-config="true" signature="teardown()[pri:0, instance:TestNGFramework.Main@177bea38]" started-at="2024-06-18T11:23:20 IST" name="teardown" finished-at="2024-06-18T11:23:25 IST" duration-ms="5192" status="PASS">
          <reporter-output>
          </reporter-output>
        </test-method> <!-- teardown -->
      </class> <!-- TestNGFramework.Main -->
    </test> <!-- Test -->
  </suite> <!-- Suite -->
</testng-results>
